[00:00:06] [Server thread/INFO]: whowantfact issued server command: /summon Witch
[00:00:06] [Server thread/INFO]: [whowantfact: Object successfully summoned]
[00:00:08] [Thread-28/INFO]: UUID of player Secret is d8defc9d-cbb6-3f32-b745-7b12829a2f7a
[00:00:08] [Server thread/INFO]: Secret[/[0:0:0:0:0:0:0:1]:50122] logged in with entity id 10139 at ([Survival]-1.4870756317635045, 48.0, -58.69999998807907)
[00:00:19] [Async Chat Thread - #15/INFO]: [[0;37;1mSurvival[0;37;1m][m [0;31;1m[21mOWNER whowantfact[m u have op[m

[00:00:26] [Server thread/INFO]: Secret issued server command: /gamemode 1
[00:00:30] [Async Chat Thread - #15/INFO]: [[0;37;1mworld[0;37;1m][m [21mMEMBER Secret[m where did all my stuff go[m

[00:00:36] [Server thread/INFO]: whowantfact issued server command: /give whowantfact diamondsword
[00:00:40] [Async Chat Thread - #15/INFO]: [[0;37;1mSurvival[0;37;1m][m [0;31;1m[21mOWNER whowantfact[m idk[m

[00:00:44] [Server thread/INFO]: whowantfact issued server command: /summon Witch
[00:00:44] [Server thread/INFO]: [whowantfact: Object successfully summoned]
[00:00:49] [Server thread/INFO]: whowantfact was killed by Witch using magic
[00:00:52] [Async Chat Thread - #15/INFO]: [[0;37;1mworld[0;37;1m][m [0;31;1m[21mOWNER whowantfact[m ah[m

[00:00:57] [Server thread/INFO]: whowantfact issued server command: /give whowantfact arrow
[00:01:07] [Server thread/INFO]: whowantfact issued server command: /give whowantfact diamondsword
[00:01:09] [Async Chat Thread - #15/INFO]: [[0;37;1mworld[0;37;1m][m [21mMEMBER Secret[m e[m

[00:01:10] [Server thread/INFO]: whowantfact issued server command: /give whowantfact diamondshovel
[00:01:14] [Server thread/INFO]: whowantfact issued server command: /give whowantfact diamondpickaxe
[00:01:17] [Server thread/INFO]: whowantfact issued server command: /give whowantfact diamondaxe
[00:01:21] [Server thread/INFO]: Secret issued server command: /give secret cow spawn egg 64
[00:01:25] [Server thread/INFO]: whowantfact issued server command: /give whowantfact diamondhoe
[00:01:30] [Server thread/INFO]: whowantfact issued server command: /give whowantfact diamondleggings
[00:01:34] [Server thread/INFO]: whowantfact issued server command: /give whowantfact diamondchestplate
[00:01:44] [Server thread/INFO]: whowantfact issued server command: /give whowantfact diamondboots
[00:01:46] [Server thread/INFO]: Secret issued server command: //wand
[00:01:49] [Server thread/INFO]: whowantfact issued server command: /give whowantfact diamondhelmet
[00:01:50] [Server thread/INFO]: [0;33;22m[0;31;22m[ClearLag] [0;31;1mWarning Ground items will be removed in one minute![m

[00:01:57] [Server thread/INFO]: whowantfact issued server command: /give whowantfact boat
[00:02:00] [Server thread/INFO]: whowantfact issued server command: /give whowantfact bow
[00:02:03] [Server thread/INFO]: whowantfact issued server command: /clear boat
[00:02:07] [Server thread/INFO]: whowantfact issued server command: /clear whowantfact boat
[00:02:50] [Server thread/INFO]: [0;33;22m[0;33;22m[ClearLag] [0;32;1mRemoved 24 Entities![m

[00:03:01] [Server thread/INFO]: whowantfact issued server command: /gamemode c
[00:03:16] [Server thread/INFO]: whowantfact issued server command: /invsee Secret
[00:03:31] [Async Chat Thread - #16/INFO]: [[0;37;1mworld[0;37;1m][m [0;31;1m[21mOWNER whowantfact[m mb[m

[00:03:34] [Async Chat Thread - #16/INFO]: [[0;37;1mworld[0;37;1m][m [21mMEMBER Secret[m .[m

[00:03:40] [Async Chat Thread - #16/INFO]: [[0;37;1mworld[0;37;1m][m [0;31;1m[21mOWNER whowantfact[m my sword[m

[00:03:53] [Server thread/INFO]: Secret issued server command: /give secret diamond_sword 64
[00:04:06] [Server thread/INFO]: whowantfact issued server command: /clear
[00:04:14] [Server thread/INFO]: whowantfact issued server command: /adminfun
[00:04:20] [Server thread/INFO]: whowantfact issued server command: /adminfun enchant
[00:04:20] [Server thread/INFO]: [AdminFun] Player whowantfact issued the command: adminfun enchant
[00:04:21] [Server thread/INFO]: whowantfact issued server command: /adminfun enchant
[00:04:21] [Server thread/INFO]: [AdminFun] Player whowantfact issued the command: adminfun enchant
[00:04:28] [Server thread/INFO]: whowantfact issued server command: /invsee Secret
[00:04:40] [Async Chat Thread - #17/INFO]: [[0;37;1mworld[0;37;1m][m [21mMEMBER Secret[m oi[m

[00:04:55] [Async Chat Thread - #17/INFO]: [[0;37;1mworld[0;37;1m][m [21mMEMBER Secret[m skull[m

[00:05:46] [Server thread/INFO]: whowantfact issued server command: /gamemode s
[00:05:51] [Server thread/INFO]: [@: Successfully spread 1 players around 133.0,-154.0]
[00:06:21] [Server thread/INFO]: whowantfact issued server command: /spreadplayers -4814 2128 999999999999 9999999999
[00:06:35] [Server thread/INFO]: whowantfact issued server command: /spreadplayers -4814 2128 999999999999 999999999999999 false whowantfact
[00:06:35] [Server thread/INFO]: [whowantfact: Could not spread 1 players around -4813.5,2128.5 (too many players for space - try using spread of at most 340282346638528860000000000000000000000.00)]
[00:06:37] [Server thread/INFO]: whowantfact issued server command: /spreadplayers -4814 2128 999999999999 999999999999999 false whowantfact
[00:06:37] [Server thread/INFO]: [whowantfact: Could not spread 1 players around -4813.5,2128.5 (too many players for space - try using spread of at most 340282346638528860000000000000000000000.00)]
[00:06:52] [Server thread/INFO]: whowantfact issued server command: /spreadplayers -4814 2128 1 100000false whowantfact
[00:06:53] [Server thread/INFO]: Secret issued server command: /give secret unbreaking 1
[00:06:56] [Server thread/INFO]: whowantfact issued server command: /spreadplayers -4814 2128 1 100000 false whowantfact
[00:06:56] [Server thread/INFO]: [whowantfact: Successfully spread 1 players around -4813.5,2128.5]
[00:07:04] [Server thread/INFO]: Secret issued server command: /give secret unbreaking_book 1
[00:07:25] [Server thread/INFO]: Secret issued server command: /give secret enchanting book 1
[00:07:34] [Server thread/INFO]: Secret issued server command: /give secret enchant_book 1
[00:07:40] [Async Chat Thread - #18/INFO]: [[0;37;1mworld[0;37;1m][m [0;31;1m[21mOWNER whowantfact[m i maxed out my abilities i now get double wood[m

[00:08:11] [Server thread/INFO]: whowantfact issued server command: /setblock ~ ~ ~ minecraft:diamond_ore
[00:08:11] [Server thread/INFO]: [whowantfact: Block placed]
[00:08:15] [Server thread/INFO]: whowantfact issued server command: /setblock ~ ~ ~ minecraft:diamond_ore
[00:08:15] [Server thread/INFO]: [whowantfact: Block placed]
[00:08:18] [Server thread/INFO]: whowantfact issued server command: /setblock ~ ~ ~ minecraft:diamond_ore
[00:08:18] [Server thread/INFO]: [whowantfact: Block placed]
[00:08:19] [Server thread/INFO]: whowantfact issued server command: /setblock ~ ~ ~ minecraft:diamond_ore
[00:08:19] [Server thread/INFO]: [whowantfact: Block placed]
[00:08:30] [Server thread/INFO]: [0;33;22m[0;31;22m[ClearLag] [0;31;1mWarning Ground items will be removed in one minute![m

[00:08:30] [Craft Scheduler Thread - 40/INFO]: [Metrics] Connection refused
[00:08:46] [Server thread/INFO]: whowantfact issued server command: /effect whowantfact minecraft:haste 10 255
[00:08:46] [Server thread/INFO]: [whowantfact: Given Haste (ID 3) * 255 to whowantfact for 10 seconds]
[00:08:55] [Async Chat Thread - #19/INFO]: [[0;37;1mworld[0;37;1m][m [21mMEMBER Secret[m YO[m

[00:09:02] [Server thread/INFO]: whowantfact issued server command: /effect whowantfact minecraft:night_vision 10999999 255
[00:09:02] [Server thread/INFO]: [whowantfact: The number you have entered (10999999) is too big, it must be at most 1000000]
[00:09:09] [Server thread/INFO]: whowantfact issued server command: /effect whowantfact minecraft:night_vision 9999 255
[00:09:09] [Server thread/INFO]: [whowantfact: Given Night Vision (ID 16) * 255 to whowantfact for 9999 seconds]
[00:09:13] [Async Chat Thread - #19/INFO]: [[0;37;1mworld[0;37;1m][m [21mMEMBER Secret[m 2 unbreakings lvl 3 = unbreaking lvl 3[m

[00:09:20] [Server thread/INFO]: whowantfact issued server command: /effect whowantfact minecraft:haste 100 255
[00:09:20] [Server thread/INFO]: [whowantfact: Given Haste (ID 3) * 255 to whowantfact for 100 seconds]
[00:09:30] [Server thread/INFO]: [0;33;22m[0;33;22m[ClearLag] [0;32;1mRemoved 34 Entities![m

[00:09:49] [Async Chat Thread - #19/INFO]: [[0;37;1mworld[0;37;1m][m [21mMEMBER Secret[m how did you get V enchantments[m

[00:09:57] [Async Chat Thread - #19/INFO]: [[0;37;1mworld[0;37;1m][m [0;31;1m[21mOWNER whowantfact[m im better[m

[00:10:01] [Async Chat Thread - #19/INFO]: [[0;37;1mworld[0;37;1m][m [21mMEMBER Secret[m tell[m

[00:10:09] [Async Chat Thread - #19/INFO]: [[0;37;1mworld[0;37;1m][m [0;31;1m[21mOWNER whowantfact[m nuh uh[m

[00:10:12] [Async Chat Thread - #19/INFO]: [[0;37;1mworld[0;37;1m][m [21mMEMBER Secret[m yes[m

[00:10:20] [Server thread/INFO]: whowantfact issued server command: /adminfun
[00:10:29] [Server thread/INFO]: whowantfact issued server command: /adminfun bgod I gave it to him
[00:10:29] [Server thread/INFO]: [AdminFun] Player whowantfact issued the command: adminfun bgod
[00:10:29] [Server thread/INFO]: [0;32;1m[God] [0;31;1mI gave it to him [m

[00:10:31] [Async Chat Thread - #19/INFO]: [[0;37;1mworld[0;37;1m][m [21mMEMBER Secret[m ill leak thoses ss[m

[00:10:49] [Server thread/INFO]: Secret issued server command: /tp secret who
[00:11:19] [Server thread/INFO]: Secret issued server command: /invis
[00:11:42] [Async Chat Thread - #20/INFO]: [[0;37;1mworld[0;37;1m][m [0;31;1m[21mOWNER whowantfact[m OMG I HAVE AUTOSMELT[m

[00:11:55] [Server thread/INFO]: Secret issued server command: /tp secret who
[00:12:27] [Async Chat Thread - #20/INFO]: [[0;37;1mworld[0;37;1m][m [21mMEMBER Secret[m mineshaft[m

[00:12:30] [Async Chat Thread - #20/INFO]: [[0;37;1mworld[0;37;1m][m [0;31;1m[21mOWNER whowantfact[m MINESHAFT[m

[00:12:32] [Async Chat Thread - #20/INFO]: [[0;37;1mworld[0;37;1m][m [21mMEMBER Secret[m i have x-ray[m

[00:12:35] [Server thread/INFO]: whowantfact issued server command: /locate
[00:12:40] [Async Chat Thread - #20/INFO]: [[0;37;1mworld[0;37;1m][m [21mMEMBER Secret[m somehow[m

[00:12:43] [Async Chat Thread - #20/INFO]: [[0;37;1mworld[0;37;1m][m [0;31;1m[21mOWNER whowantfact[m ur in spectator[m

[00:12:45] [Async Chat Thread - #20/INFO]: [[0;37;1mworld[0;37;1m][m [21mMEMBER Secret[m no[m

[00:12:53] [Server thread/INFO]: whowantfact issued server command: /gamemode s Secret
[00:12:57] [Async Chat Thread - #20/INFO]: [[0;37;1mworld[0;37;1m][m [21mMEMBER Secret[m ah[m

[00:13:00] [Async Chat Thread - #20/INFO]: [[0;37;1mworld[0;37;1m][m [21mMEMBER Secret[m what is this[m

[00:13:10] [Async Chat Thread - #20/INFO]: [[0;37;1mworld[0;37;1m][m [21mMEMBER Secret[m ah[m

[00:13:20] [Async Chat Thread - #20/INFO]: [[0;37;1mworld[0;37;1m][m [21mMEMBER Secret[m this feels weird[m

[00:13:36] [Async Chat Thread - #20/INFO]: [[0;37;1mworld[0;37;1m][m [0;31;1m[21mOWNER whowantfact[m i told u i maxed out[m

[00:13:40] [Async Chat Thread - #20/INFO]: [[0;37;1mworld[0;37;1m][m [0;31;1m[21mOWNER whowantfact[m even bow ability[m

[00:13:45] [Async Chat Thread - #20/INFO]: [[0;37;1mworld[0;37;1m][m [21mMEMBER Secret[m tell how you got enchantment[m

[00:13:47] [Async Chat Thread - #20/INFO]: [[0;37;1mworld[0;37;1m][m [21mMEMBER Secret[m V[m

[00:14:07] [Async Chat Thread - #20/INFO]: [[0;37;1mworld[0;37;1m][m [21mMEMBER Secret[m am need to put unbreaking V[m

[00:14:31] [Async Chat Thread - #20/INFO]: [[0;37;1mworld[0;37;1m][m [0;31;1m[21mOWNER whowantfact[m HOLY SHIT THE SWORD IS OP[m

[00:14:39] [Async Chat Thread - #20/INFO]: [[0;37;1mworld[0;37;1m][m [21mMEMBER Secret[m i got an axe[m

[00:14:51] [Server thread/INFO]: Secret issued server command: //set tnt
[00:15:04] [Server thread/INFO]: Secret fell from a high place
[00:15:10] [Server thread/INFO]: whowantfact issued server command: /lagg killmobs
[00:15:11] [Server thread/INFO]: [0;33;22m[0;31;22m[ClearLag] [0;31;1mWarning Ground items will be removed in one minute![m

[00:15:12] [Server thread/INFO]: Secret issued server command: /tp secret who
[00:15:18] [Server thread/INFO]: Secret issued server command: /gamemode 1
[00:15:41] [Async Chat Thread - #21/INFO]: [[0;37;1mworld[0;37;1m][m [0;31;1m[21mOWNER whowantfact[m I CANT TAKE FALL DAMAGE[m

[00:16:00] [Async Chat Thread - #21/INFO]: [[0;37;1mworld[0;37;1m][m [21mMEMBER Secret[m how do you max out everything[m

[00:16:06] [Async Chat Thread - #21/INFO]: [[0;37;1mworld[0;37;1m][m [0;31;1m[21mOWNER whowantfact[m become me[m

[00:16:11] [Server thread/INFO]: [0;33;22m[0;33;22m[ClearLag] [0;32;1mRemoved 43 Entities![m

[00:16:15] [Async Chat Thread - #21/INFO]: [[0;37;1mworld[0;37;1m][m [21mMEMBER Secret[m i dont want to be gay[m

[00:16:16] [Server thread/INFO]: whowantfact issued server command: /locate mineshaft
[00:16:18] [Async Chat Thread - #21/INFO]: [[0;37;1mworld[0;37;1m][m [21mMEMBER Secret[m and a pedo[m

[00:16:21] [Server thread/INFO]: whowantfact issued server command: /locate Secret
[00:16:23] [Async Chat Thread - #21/INFO]: [[0;37;1mworld[0;37;1m][m [21mMEMBER Secret[m and a child predator[m

[00:16:29] [Async Chat Thread - #21/INFO]: [[0;37;1mworld[0;37;1m][m [21mMEMBER Secret[m and a racist[m

[00:16:35] [Async Chat Thread - #21/INFO]: [[0;37;1mworld[0;37;1m][m [21mMEMBER Secret[m and short[m

[00:16:37] [Server thread/INFO]: whowantfact issued server command: /give whowantfact compass
[00:16:44] [Server thread/INFO]: whowantfact issued server command: /gamemode s Secret
[00:16:47] [Server thread/INFO]: Secret issued server command: /gamemode 1
[00:16:50] [Server thread/INFO]: whowantfact issued server command: /gamemode s Secret
[00:16:54] [Server thread/INFO]: whowantfact issued server command: /gamemode s Secret
[00:16:58] [Async Chat Thread - #21/INFO]: [[0;37;1mworld[0;37;1m][m [21mMEMBER Secret[m if you hit me ill do it[m

[00:17:00] [Server thread/INFO]: whowantfact issued server command: /gamemode s Secret
[00:17:18] [Async Chat Thread - #21/INFO]: [[0;37;1mworld[0;37;1m][m [0;31;1m[21mOWNER whowantfact[m i have a compass leading to u[m

[00:17:25] [Server thread/INFO]: Secret issued server command: //set tnt
[00:17:33] [Server thread/WARN]: Secret moved wrongly!
[00:17:37] [Server thread/INFO]: whowantfact was blown up by Secret
[00:17:41] [Server thread/INFO]: Secret was blown up by Secret
[00:17:43] [Server thread/INFO]: whowantfact issued server command: /kill @e
[00:17:44] [Server thread/INFO]: whowantfact lost connection: Internal Exception: java.net.SocketException: Connection reset
[00:17:44] [Server thread/INFO]: whowantfact left the game.
[00:17:49] [Server thread/INFO]: Secret lost connection: Internal Exception: java.net.SocketException: Connection reset
[00:17:49] [Server thread/INFO]: Secret left the game.
[00:17:50] [Thread-29/INFO]: UUID of player whowantfact is ad06061e-fa35-302f-bcfe-dba975231028
[00:17:51] [Server thread/INFO]: whowantfact[/[0:0:0:0:0:0:0:1]:40064] logged in with entity id 26647 at ([world]71054.69999998808, 21.966368041641243, -38308.69999998808)
[00:17:54] [Thread-30/INFO]: UUID of player Secret is d8defc9d-cbb6-3f32-b745-7b12829a2f7a
[00:17:55] [Server thread/INFO]: Secret[/[0:0:0:0:0:0:0:1]:40236] logged in with entity id 27411 at ([world]71056.18276560085, 24.966368041641235, -38303.22408532396)
[00:17:57] [Server thread/INFO]: whowantfact issued server command: /kill @e
[00:18:05] [Async Chat Thread - #21/INFO]: [[0;37;1mworld[0;37;1m][m [0;31;1m[21mOWNER whowantfact[m dumbass[m

[00:18:20] [Async Chat Thread - #21/INFO]: [[0;37;1mworld[0;37;1m][m [0;31;1m[21mOWNER whowantfact[m man ur lucky[m

[00:18:27] [Async Chat Thread - #21/INFO]: [[0;37;1mworld[0;37;1m][m [21mMEMBER Secret[m im in survial[m

[00:18:31] [Craft Scheduler Thread - 41/INFO]: [Metrics] Connection refused
[00:18:37] [Async Chat Thread - #21/INFO]: [[0;37;1mworld[0;37;1m][m [21mMEMBER Secret[m i see my hearts[m

[00:18:37] [Async Chat Thread - #21/INFO]: [[0;37;1mworld[0;37;1m][m [0;31;1m[21mOWNER whowantfact[m its a no pvp area[m

[00:18:41] [Async Chat Thread - #21/INFO]: [[0;37;1mworld[0;37;1m][m [21mMEMBER Secret[m oh[m

[00:18:46] [Server thread/INFO]: [@: Successfully spread 1 players around 133.0,-154.0]
[00:18:52] [Server thread/INFO]: whowantfact issued server command: /tp Secret whowantfact
[00:19:03] [Async Chat Thread - #21/INFO]: [[0;37;1mworld[0;37;1m][m [21mMEMBER Secret[m I need unbreaking on my amounr[m

[00:19:19] [Async Chat Thread - #21/INFO]: [[0;37;1mworld[0;37;1m][m [0;31;1m[21mOWNER whowantfact[m i cant make v enchantments[m

[00:19:23] [Async Chat Thread - #21/INFO]: [[0;37;1mworld[0;37;1m][m [21mMEMBER Secret[m omg its nc[m

[00:19:40] [Server thread/INFO]: whowantfact issued server command: /locate Secret
[00:19:41] [Async Chat Thread - #21/INFO]: [[0;37;1mworld[0;37;1m][m [21mMEMBER Secret[m his family[m

[00:19:59] [Async Chat Thread - #21/INFO]: [[0;37;1mworld[0;37;1m][m [21mMEMBER Secret[m all gone[m

[00:20:14] [Async Chat Thread - #21/INFO]: [[0;37;1mworld[0;37;1m][m [21mMEMBER Secret[m i got his meat[m

[00:20:22] [Async Chat Thread - #21/INFO]: [[0;37;1mworld[0;37;1m][m [0;31;1m[21mOWNER whowantfact[m i cant take damage :p[m

[00:20:26] [Async Chat Thread - #21/INFO]: [[0;37;1mworld[0;37;1m][m [0;31;1m[21mOWNER whowantfact[m fall damage[m

[00:20:45] [Async Chat Thread - #21/INFO]: [[0;37;1mworld[0;37;1m][m [21mMEMBER Secret[m take his meat[m

[00:21:22] [Server thread/INFO]: Secret issued server command: /gamemode 1
[00:21:29] [Async Chat Thread - #21/INFO]: [[0;37;1mworld[0;37;1m][m [0;31;1m[21mOWNER whowantfact[m I CAN TRAVEL FAST[m

[00:21:31] [Async Chat Thread - #21/INFO]: [[0;37;1mworld[0;37;1m][m [21mMEMBER Secret[m i wish there was mending[m

[00:21:37] [Async Chat Thread - #21/INFO]: [[0;37;1mworld[0;37;1m][m [21mMEMBER Secret[m how[m

[00:21:44] [Async Chat Thread - #21/INFO]: [[0;37;1mworld[0;37;1m][m [0;31;1m[21mOWNER whowantfact[m bow[m

[00:21:48] [Async Chat Thread - #21/INFO]: [[0;37;1mworld[0;37;1m][m [21mMEMBER Secret[m oh[m

[00:21:48] [Server thread/INFO]: whowantfact issued server command: /tp Secret whowantfact
[00:21:51] [Server thread/INFO]: [0;33;22m[0;31;22m[ClearLag] [0;31;1mWarning Ground items will be removed in one minute![m

[00:21:57] [Server thread/INFO]: Secret issued server command: /gamemode 0
[00:22:01] [Async Chat Thread - #21/INFO]: [[0;37;1mworld[0;37;1m][m [0;31;1m[21mOWNER whowantfact[m see[m

[00:22:51] [Server thread/INFO]: [0;33;22m[0;33;22m[ClearLag] [0;32;1mRemoved 66 Entities![m

[00:23:08] [Thread-31/INFO]: UUID of player xAlphabet is bebd52d3-b487-3ade-a76f-4842a0332ef4
[00:23:08] [Server thread/INFO]: xAlphabet[/[0:0:0:0:0:0:0:1]:45674] logged in with entity id 28289 at ([Spleef]-6.5, 61.0, -18.5)
[00:23:10] [Server thread/INFO]: [@: Given Weakness (ID 18) * 100 to xAlphabet for 100 seconds]
[00:23:10] [Server thread/INFO]: [@: Given Resistance (ID 11) * 100 to xAlphabet for 1000 seconds]
[00:23:10] [Server thread/INFO]: [@: Given Regeneration (ID 10) * 99 to xAlphabet for 99 seconds]
[00:23:10] [Server thread/INFO]: CommandBlock at -11,70,-14 issued server command: /weather clear
[00:23:20] [Server thread/INFO]: [@: Title command successfully executed]
[00:23:21] [Server thread/INFO]: CommandBlock at -7,70,-21 issued server command: /tp xAlphabet -7 61 -19
[00:23:21] [Server thread/INFO]: [@: 2 blocks filled]
[00:23:21] [Server thread/INFO]: [@: 4 blocks filled]
[00:23:21] [Server thread/INFO]: [@: 4 blocks filled]
[00:23:21] [Server thread/INFO]: [@: 2601 blocks cloned]
[00:23:21] [Server thread/INFO]: [@: 2601 blocks cloned]
[00:23:21] [Server thread/INFO]: [@: 2601 blocks cloned]
[00:23:21] [Server thread/INFO]: [@: 2601 blocks cloned]
[00:23:21] [Server thread/INFO]: Secret issued server command: /tp alpha secret
[00:23:21] [Async Chat Thread - #22/INFO]: [[0;37;1mworld[0;37;1m][m [0;31;1m[21mOWNER xAlphabet[m My hours...[m

[00:23:33] [Server thread/INFO]: Secret issued server command: /gamemode 0 xalphabet
[00:23:34] [Server thread/INFO]: xAlphabet issued server command: /mv tp spawn
[00:23:58] [Async Chat Thread - #22/INFO]: [[0;37;1mSpawn[0;37;1m][m [0;31;1m[21mOWNER xAlphabet[m chat[m

[00:24:09] [Async Chat Thread - #22/INFO]: [[0;37;1mworld[0;37;1m][m [21mMEMBER Secret[m what is this[m

[00:24:16] [Async Chat Thread - #22/INFO]: [[0;37;1mworld[0;37;1m][m [21mMEMBER Secret[m how am i taking damg[m

[00:24:22] [Async Chat Thread - #22/INFO]: [[0;37;1mworld[0;37;1m][m [0;31;1m[21mOWNER whowantfact[m ur bleeding[m

[00:24:32] [Server thread/INFO]: xAlphabet issued server command: /bc &lSETTING UP SECOND SERVER BEWARE OF LAG!
[00:24:34] [Async Chat Thread - #22/INFO]: [[0;37;1mworld[0;37;1m][m [21mMEMBER Secret[m why is it grey[m

[00:24:41] [Server thread/INFO]: whowantfact issued server command: /give whowantfact steak
[00:24:43] [Server thread/INFO]: whowantfact issued server command: /give whowantfact steak
[00:24:46] [Server thread/INFO]: Secret issued server command: /heal
[00:24:49] [Server thread/INFO]: whowantfact issued server command: /give whowantfact steak
[00:24:52] [Server thread/INFO]: whowantfact issued server command: /give Secret steak
[00:24:53] [Server thread/INFO]: xAlphabet issued server command: /bc &lSETTING UP SECOND SERVER BEWARE OF LAG!
[00:24:54] [Server thread/INFO]: xAlphabet issued server command: /bc &lSETTING UP SECOND SERVER BEWARE OF LAG!
[00:24:55] [Server thread/INFO]: xAlphabet issued server command: /bc &lSETTING UP SECOND SERVER BEWARE OF LAG!
[00:24:56] [Server thread/INFO]: xAlphabet issued server command: /bc &lSETTING UP SECOND SERVER BEWARE OF LAG!
[00:24:58] [Server thread/INFO]: xAlphabet issued server command: /bc &lSETTING UP SECOND SERVER BEWARE OF LAG!
[00:25:02] [Server thread/INFO]: xAlphabet issued server command: /bc &lSETTING UP SECOND SERVER BEWARE OF LAG!
[00:25:03] [Server thread/INFO]: xAlphabet issued server command: /bc &lSETTING UP SECOND SERVER BEWARE OF LAG!
[00:25:04] [Server thread/INFO]: xAlphabet issued server command: /bc &lSETTING UP SECOND SERVER BEWARE OF LAG!
[00:25:09] [Async Chat Thread - #22/INFO]: [[0;37;1mworld[0;37;1m][m [21mMEMBER Secret[m .[m

[00:25:14] [Async Chat Thread - #22/INFO]: [[0;37;1mworld[0;37;1m][m [0;31;1m[21mOWNER whowantfact[m stfu[m

[00:25:14] [Server thread/INFO]: Secret issued server command: /tp secret alpha
[00:25:25] [Server thread/INFO]: Secret issued server command: /gamemode 0 xAlphabet
[00:25:33] [Server thread/INFO]: CommandBlock at 185,142,-185 issued server command: /gamemode adventure Secret
[00:25:42] [Server thread/INFO]: CommandBlock at 185,142,-185 issued server command: /gamemode adventure Secret
[00:25:46] [Server thread/INFO]: CommandBlock at 185,142,-185 issued server command: /gamemode adventure Secret
[00:25:49] [Server thread/INFO]: Secret issued server command: /gamemode 1
[00:25:57] [Server thread/INFO]: Secret issued server command: /mv tp secret spawn
[00:25:57] [Server thread/INFO]: CommandBlock at 0,76,0 issued server command: /gamemode adventure Secret
[00:25:59] [Server thread/INFO]: CommandBlock at 0,76,0 issued server command: /gamemode adventure Secret
[00:26:01] [Server thread/INFO]: [WorldGuard] 0 regions loaded for 'PVP'
[00:26:01] [Server thread/INFO]: CommandBlock at 45,17,-53 issued server command: /gamemode 2 Secret
[00:26:12] [Server thread/INFO]: Secret issued server command: /tp alpha secret
[00:26:21] [Server thread/INFO]: Secret issued server command: /gamemode 0 xAlphabet
[00:26:22] [Server thread/INFO]: whowantfact issued server command: /locate Secret
[00:26:29] [Server thread/INFO]: CommandBlock at 0,76,0 issued server command: /gamemode adventure Secret
[00:26:32] [Server thread/INFO]: CommandBlock at 185,142,-185 issued server command: /gamemode adventure Secret
[00:26:40] [Server thread/INFO]: CommandBlock at 185,142,-185 issued server command: /gamemode adventure Secret
[00:26:42] [Server thread/INFO]: CommandBlock at 185,142,-185 issued server command: /gamemode adventure Secret
[00:26:53] [Async Chat Thread - #23/INFO]: [[0;37;1mworld[0;37;1m][m [21mMEMBER Secret[m who added tp to survival[m

[00:27:02] [Async Chat Thread - #23/INFO]: [[0;37;1mworld[0;37;1m][m [21mMEMBER Secret[m when you are already in survival[m

[00:27:06] [Server thread/INFO]: CommandBlock at 185,142,-185 issued server command: /gamemode adventure Secret
[00:27:08] [Server thread/INFO]: CommandBlock at 185,142,-185 issued server command: /gamemode adventure Secret
[00:27:11] [Server thread/INFO]: Secret issued server command: /tp secret who
[00:27:18] [Server thread/INFO]: Secret issued server command: /gamemode 1
[00:27:36] [Async Chat Thread - #23/INFO]: [[0;37;1mworld[0;37;1m][m [0;31;1m[21mOWNER whowantfact[m this is actually a new world[m

[00:27:41] [Async Chat Thread - #23/INFO]: [[0;37;1mworld[0;37;1m][m [0;31;1m[21mOWNER whowantfact[m wait[m

[00:27:45] [Async Chat Thread - #23/INFO]: [[0;37;1mworld[0;37;1m][m [0;31;1m[21mOWNER whowantfact[m ........[m

[00:27:50] [Async Chat Thread - #23/INFO]: [[0;37;1mworld[0;37;1m][m [21mMEMBER Secret[m ?[m

[00:27:58] [Async Chat Thread - #23/INFO]: [[0;37;1mworld[0;37;1m][m [0;31;1m[21mOWNER whowantfact[m we aint in the survival world[m

[00:28:05] [Server thread/INFO]: whowantfact issued server command: /gms Secret
[00:28:08] [Async Chat Thread - #23/INFO]: [[0;37;1mworld[0;37;1m][m [21mMEMBER Secret[m we are in the world world[m

[00:28:31] [Server thread/INFO]: [0;33;22m[0;31;22m[ClearLag] [0;31;1mWarning Ground items will be removed in one minute![m

[00:28:31] [Craft Scheduler Thread - 48/INFO]: [Metrics] Connection refused
