[00:00:07] [Netty Worker IO Thread #0/INFO] [EaglercraftXBungee]: [/[0:0:0:0:0:0:0:1%0]:55810]: Connected via websocket
[00:00:07] [Netty Worker IO Thread #0/INFO] [EaglercraftXBungee]: [/[0:0:0:0:0:0:0:1%0]:55810]: Origin header is http://localhost:8081
[00:00:08] [Netty Worker IO Thread #0/INFO] [EaglercraftXBungee]: [/[0:0:0:0:0:0:0:1%0]:55810]: Logged in as 'Secret'
[00:00:08] [Netty Worker IO Thread #0/INFO]: [/[0:0:0:0:0:0:0:1%0]:55810|Secret] -> UpstreamBridge has connected
[00:00:08] [Netty Worker IO Thread #0/INFO]: [Secret|/[0:0:0:0:0:0:0:1%0]:55810] <-> ServerConnector [lobby] has connected
[00:17:44] [Netty Worker IO Thread #3/INFO]: [/[0:0:0:0:0:0:0:1%0]:59942|whowantfact] -> UpstreamBridge has disconnected
[00:17:44] [Netty Worker IO Thread #3/INFO]: [whowantfact] disconnected with: Proxy lost connection to server.
[00:17:44] [Netty Worker IO Thread #3/INFO]: [/[0:0:0:0:0:0:0:1%0]:59942|whowantfact] <-> DownstreamBridge <-> [lobby] has disconnected
[00:17:49] [Netty Worker IO Thread #0/INFO]: [/[0:0:0:0:0:0:0:1%0]:55810|Secret] -> UpstreamBridge has disconnected
[00:17:49] [Netty Worker IO Thread #0/INFO]: [Secret] disconnected with: Proxy lost connection to server.
[00:17:49] [Netty Worker IO Thread #0/INFO]: [/[0:0:0:0:0:0:0:1%0]:55810|Secret] <-> DownstreamBridge <-> [lobby] has disconnected
[00:17:50] [Netty Worker IO Thread #2/INFO] [EaglercraftXBungee]: [/[0:0:0:0:0:0:0:1%0]:52748]: Connected via websocket
[00:17:50] [Netty Worker IO Thread #2/INFO] [EaglercraftXBungee]: [/[0:0:0:0:0:0:0:1%0]:52748]: Origin header is http://localhost:8081
[00:17:50] [Netty Worker IO Thread #2/INFO] [EaglercraftXBungee]: [/[0:0:0:0:0:0:0:1%0]:52748]: Logged in as 'whowantfact'
[00:17:50] [Netty Worker IO Thread #2/INFO]: [/[0:0:0:0:0:0:0:1%0]:52748|whowantfact] -> UpstreamBridge has connected
[00:17:50] [Netty Worker IO Thread #2/INFO]: [whowantfact|/[0:0:0:0:0:0:0:1%0]:52748] <-> ServerConnector [lobby] has connected
[00:17:54] [Netty Worker IO Thread #3/INFO] [EaglercraftXBungee]: [/[0:0:0:0:0:0:0:1%0]:43986]: Connected via websocket
[00:17:54] [Netty Worker IO Thread #3/INFO] [EaglercraftXBungee]: [/[0:0:0:0:0:0:0:1%0]:43986]: Origin header is http://localhost:8081
[00:17:54] [Netty Worker IO Thread #3/INFO] [EaglercraftXBungee]: [/[0:0:0:0:0:0:0:1%0]:43986]: Logged in as 'Secret'
[00:17:54] [Netty Worker IO Thread #3/INFO]: [/[0:0:0:0:0:0:0:1%0]:43986|Secret] -> UpstreamBridge has connected
[00:17:54] [Netty Worker IO Thread #3/INFO]: [Secret|/[0:0:0:0:0:0:0:1%0]:43986] <-> ServerConnector [lobby] has connected
[00:23:07] [Netty Worker IO Thread #1/INFO] [EaglercraftXBungee]: [/[0:0:0:0:0:0:0:1%0]:47218]: Connected via websocket
[00:23:07] [Netty Worker IO Thread #1/INFO] [EaglercraftXBungee]: [/[0:0:0:0:0:0:0:1%0]:47218]: Origin header is http://localhost:8081
[00:23:08] [Netty Worker IO Thread #1/INFO] [EaglercraftXBungee]: [/[0:0:0:0:0:0:0:1%0]:47218]: Logged in as 'xAlphabet'
[00:23:08] [Netty Worker IO Thread #1/INFO]: [/[0:0:0:0:0:0:0:1%0]:47218|xAlphabet] -> UpstreamBridge has connected
[00:23:08] [Netty Worker IO Thread #1/INFO]: [xAlphabet|/[0:0:0:0:0:0:0:1%0]:47218] <-> ServerConnector [lobby] has connected
